c:\users\conne\downloads\raytracerframework (2)\raytracerframework\raytracersmall\x64\debug\vc143.pdb
c:\users\conne\downloads\raytracerframework (2)\raytracerframework\raytracersmall\x64\debug\vc143.idb
c:\users\conne\downloads\raytracerframework (2)\raytracerframework\raytracersmall\x64\debug\main.obj
c:\users\conne\downloads\raytracerframework (2)\raytracerframework\raytracersmall\x64\debug\threadmanager.obj
c:\users\conne\downloads\raytracerframework (2)\raytracerframework\raytracersmall\x64\debug\memorypool.obj
c:\users\conne\downloads\raytracerframework (2)\raytracerframework\raytracersmall\x64\debug\json.obj
c:\users\conne\downloads\raytracerframework (2)\raytracerframework\raytracersmall\x64\debug\trackers.obj
c:\users\conne\downloads\raytracerframework (2)\raytracerframework\raytracersmall\x64\debug\tracker.obj
c:\users\conne\downloads\raytracerframework (2)\raytracerframework\raytracersmall\x64\debug\sphere.obj
c:\users\conne\downloads\raytracerframework (2)\raytracerframework\raytracersmall\x64\debug\globalnewdelete.obj
c:\users\conne\downloads\eigen test\raytracerframework\raytracersmall\x64\debug\vc143.pdb
c:\users\conne\downloads\eigen test\raytracerframework\raytracersmall\x64\debug\vc143.idb
c:\users\conne\downloads\eigen test\raytracerframework\raytracersmall\x64\debug\sphere.obj
c:\users\conne\downloads\eigen test\raytracerframework\raytracersmall\x64\debug\main.obj
c:\users\conne\downloads\eigen test\raytracerframework\raytracersmall\x64\debug\json.obj
c:\users\conne\downloads\eigen test\raytracerframework\raytracersmall\x64\debug\tracker.obj
c:\users\conne\downloads\eigen test\raytracerframework\raytracersmall\x64\debug\threadmanager.obj
c:\users\conne\downloads\eigen test\raytracerframework\raytracersmall\x64\debug\trackers.obj
c:\users\conne\downloads\eigen test\raytracerframework\raytracersmall\x64\debug\memorypool.obj
c:\users\conne\downloads\eigen test\raytracerframework\raytracersmall\x64\debug\globalnewdelete.obj
c:\users\conne\downloads\raytracerframework (2)\raytracerframework\x64\debug\raytracersmall.exe
c:\users\conne\downloads\raytracerframework (2)\raytracerframework\raytracersmall\x64\debug\raytracersmall.ilk
c:\users\conne\downloads\raytracerframework (2)\raytracerframework\x64\debug\raytracersmall.pdb
c:\users\conne\downloads\eigen test\raytracerframework\x64\debug\raytracersmall.exe
c:\users\conne\downloads\eigen test\raytracerframework\raytracersmall\x64\debug\raytracersmall.ilk
c:\users\conne\downloads\eigen test\raytracerframework\x64\debug\raytracersmall.pdb
c:\users\conne\downloads\eigen test final sub\eigen test final\eigen test\raytracerframework\raytracersmall\x64\debug\globalnewdelete.obj
c:\users\conne\downloads\eigen test final sub\eigen test final\eigen test\raytracerframework\raytracersmall\x64\debug\json.obj
c:\users\conne\downloads\eigen test final sub\eigen test final\eigen test\raytracerframework\raytracersmall\x64\debug\main.obj
c:\users\conne\downloads\eigen test final sub\eigen test final\eigen test\raytracerframework\raytracersmall\x64\debug\memorypool.obj
c:\users\conne\downloads\eigen test final sub\eigen test final\eigen test\raytracerframework\raytracersmall\x64\debug\sphere.obj
c:\users\conne\downloads\eigen test final sub\eigen test final\eigen test\raytracerframework\raytracersmall\x64\debug\threadmanager.obj
c:\users\conne\downloads\eigen test final sub\eigen test final\eigen test\raytracerframework\raytracersmall\x64\debug\tracker.obj
c:\users\conne\downloads\eigen test final sub\eigen test final\eigen test\raytracerframework\raytracersmall\x64\debug\trackers.obj
c:\users\conne\downloads\eigen test final sub\eigen test final\eigen test\raytracerframework\raytracersmall\x64\debug\raytracersmall.ilk
c:\users\conne\downloads\eigen test final sub\eigen test final\eigen test\raytracerframework\raytracersmall\x64\debug\vc143.idb
c:\users\conne\downloads\eigen test final sub\eigen test final\eigen test\raytracerframework\raytracersmall\x64\debug\vc143.pdb
c:\users\conne\downloads\eigen test final sub\eigen test final\eigen test\raytracerframework\x64\debug\raytracersmall.pdb
c:\users\conne\downloads\eigen test final sub\eigen test final\eigen test\raytracerframework\x64\debug\raytracersmall.exe
c:\users\conne\downloads\eigen test final sub\eigen test final\eigen test\raytracerframework\raytracersmall\x64\debug\raytracersmall.tlog\cl.command.1.tlog
c:\users\conne\downloads\eigen test final sub\eigen test final\eigen test\raytracerframework\raytracersmall\x64\debug\raytracersmall.tlog\cl.read.1.tlog
c:\users\conne\downloads\eigen test final sub\eigen test final\eigen test\raytracerframework\raytracersmall\x64\debug\raytracersmall.tlog\cl.write.1.tlog
c:\users\conne\downloads\eigen test final sub\eigen test final\eigen test\raytracerframework\raytracersmall\x64\debug\raytracersmall.tlog\link.command.1.tlog
c:\users\conne\downloads\eigen test final sub\eigen test final\eigen test\raytracerframework\raytracersmall\x64\debug\raytracersmall.tlog\link.read.1.tlog
c:\users\conne\downloads\eigen test final sub\eigen test final\eigen test\raytracerframework\raytracersmall\x64\debug\raytracersmall.tlog\link.write.1.tlog
