c:\users\conne\downloads\eigen test\raytracerframework\raytracersmall\x64\release\vc143.pdb
c:\users\conne\downloads\eigen test\raytracerframework\raytracersmall\x64\release\main.obj
c:\users\conne\downloads\eigen test\raytracerframework\raytracersmall\x64\release\json.obj
c:\users\conne\downloads\eigen test\raytracerframework\raytracersmall\x64\release\memorypool.obj
c:\users\conne\downloads\eigen test\raytracerframework\raytracersmall\x64\release\trackers.obj
c:\users\conne\downloads\eigen test\raytracerframework\raytracersmall\x64\release\tracker.obj
c:\users\conne\downloads\eigen test\raytracerframework\raytracersmall\x64\release\threadmanager.obj
c:\users\conne\downloads\eigen test\raytracerframework\raytracersmall\x64\release\sphere.obj
c:\users\conne\downloads\eigen test\raytracerframework\raytracersmall\x64\release\globalnewdelete.obj
c:\users\conne\downloads\eigen test final sub\eigen test final\eigen test\raytracerframework\raytracersmall\x64\release\vc143.pdb
c:\users\conne\downloads\eigen test final sub\eigen test final\eigen test\raytracerframework\raytracersmall\x64\release\trackers.obj
c:\users\conne\downloads\eigen test final sub\eigen test final\eigen test\raytracerframework\raytracersmall\x64\release\tracker.obj
c:\users\conne\downloads\eigen test final sub\eigen test final\eigen test\raytracerframework\raytracersmall\x64\release\threadmanager.obj
c:\users\conne\downloads\eigen test final sub\eigen test final\eigen test\raytracerframework\raytracersmall\x64\release\sphere.obj
c:\users\conne\downloads\eigen test final sub\eigen test final\eigen test\raytracerframework\raytracersmall\x64\release\memorypool.obj
c:\users\conne\downloads\eigen test final sub\eigen test final\eigen test\raytracerframework\raytracersmall\x64\release\main.obj
c:\users\conne\downloads\eigen test final sub\eigen test final\eigen test\raytracerframework\raytracersmall\x64\release\json.obj
c:\users\conne\downloads\eigen test final sub\eigen test final\eigen test\raytracerframework\raytracersmall\x64\release\globalnewdelete.obj
c:\users\conne\downloads\eigen test\raytracerframework\x64\release\raytracersmall.exe
c:\users\conne\downloads\eigen test\raytracerframework\x64\release\raytracersmall.pdb
c:\users\conne\downloads\eigen test\raytracerframework\raytracersmall\x64\release\raytracersmall.iobj
c:\users\conne\downloads\eigen test final sub\eigen test final\eigen test\raytracerframework\x64\release\raytracersmall.exe
c:\users\conne\downloads\eigen test final sub\eigen test final\eigen test\raytracerframework\raytracersmall\x64\release\raytracersmall.ipdb
c:\users\conne\downloads\eigen test final sub\eigen test final\eigen test\raytracerframework\x64\release\raytracersmall.pdb
c:\users\conne\downloads\eigen test final sub\eigen test final\eigen test\raytracerframework\raytracersmall\x64\release\raytracersmall.iobj
c:\users\conne\downloads\eigen test final sub\eigen test final\eigen test\raytracerframework\raytracersmall\x64\release\raytracersmall.tlog\cl.command.1.tlog
c:\users\conne\downloads\eigen test final sub\eigen test final\eigen test\raytracerframework\raytracersmall\x64\release\raytracersmall.tlog\cl.read.1.tlog
c:\users\conne\downloads\eigen test final sub\eigen test final\eigen test\raytracerframework\raytracersmall\x64\release\raytracersmall.tlog\cl.write.1.tlog
c:\users\conne\downloads\eigen test final sub\eigen test final\eigen test\raytracerframework\raytracersmall\x64\release\raytracersmall.tlog\link.command.1.tlog
c:\users\conne\downloads\eigen test final sub\eigen test final\eigen test\raytracerframework\raytracersmall\x64\release\raytracersmall.tlog\link.read.1.tlog
c:\users\conne\downloads\eigen test final sub\eigen test final\eigen test\raytracerframework\raytracersmall\x64\release\raytracersmall.tlog\link.write.1.tlog
