  Json.cpp
  main.cpp
C:\Users\conne\Downloads\Eigen Test Final Sub\Eigen Test Final\Eigen Test\RayTracerFramework\RayTracerSmall\main.cpp(70,1): warning C4005: 'INFINITY': macro redefinition
C:\Program Files (x86)\Windows Kits\10\Include\10.0.19041.0\ucrt\corecrt_math.h(88): message : see previous definition of 'INFINITY'
C:\Users\conne\Downloads\Eigen Test Final Sub\Eigen Test Final\Eigen Test\RayTracerFramework\RayTracerSmall\main.cpp(115,19): warning C4305: 'initializing': truncation from 'double' to 'float'
C:\Users\conne\Downloads\Eigen Test Final Sub\Eigen Test Final\Eigen Test\RayTracerFramework\RayTracerSmall\main.cpp(121,60): warning C4305: 'argument': truncation from 'double' to 'const float'
C:\Users\conne\Downloads\Eigen Test Final Sub\Eigen Test Final\Eigen Test\RayTracerFramework\RayTracerSmall\main.cpp(121,32): warning C4244: 'argument': conversion from 'double' to 'const float', possible loss of data
C:\Users\conne\Downloads\Eigen Test Final Sub\Eigen Test Final\Eigen Test\RayTracerFramework\RayTracerSmall\main.cpp(130,19): warning C4305: 'initializing': truncation from 'double' to 'float'
C:\Users\conne\Downloads\Eigen Test Final Sub\Eigen Test Final\Eigen Test\RayTracerFramework\RayTracerSmall\main.cpp(203,14): warning C4244: 'initializing': conversion from 'double' to 'float', possible loss of data
C:\Users\conne\Downloads\Eigen Test Final Sub\Eigen Test Final\Eigen Test\RayTracerFramework\RayTracerSmall\main.cpp(207,13): warning C4244: 'initializing': conversion from 'double' to 'float', possible loss of data
C:\Users\conne\Downloads\Eigen Test Final Sub\Eigen Test Final\Eigen Test\RayTracerFramework\RayTracerSmall\main.cpp(208,13): warning C4244: 'initializing': conversion from 'double' to 'float', possible loss of data
C:\Users\conne\Downloads\Eigen Test Final Sub\Eigen Test Final\Eigen Test\RayTracerFramework\RayTracerSmall\main.cpp(237,20): warning C4996: 'fopen': This function or variable may be unsafe. Consider using fopen_s instead. To disable deprecation, use _CRT_SECURE_NO_WARNINGS. See online help for details.
C:\Users\conne\Downloads\Eigen Test Final Sub\Eigen Test Final\Eigen Test\RayTracerFramework\RayTracerSmall\main.cpp(314,19): warning C4305: 'initializing': truncation from 'double' to 'float'
C:\Users\conne\Downloads\Eigen Test Final Sub\Eigen Test Final\Eigen Test\RayTracerFramework\RayTracerSmall\main.cpp(320,60): warning C4305: 'argument': truncation from 'double' to 'const float'
C:\Users\conne\Downloads\Eigen Test Final Sub\Eigen Test Final\Eigen Test\RayTracerFramework\RayTracerSmall\main.cpp(320,32): warning C4244: 'argument': conversion from 'double' to 'const float', possible loss of data
C:\Users\conne\Downloads\Eigen Test Final Sub\Eigen Test Final\Eigen Test\RayTracerFramework\RayTracerSmall\main.cpp(329,19): warning C4305: 'initializing': truncation from 'double' to 'float'
C:\Users\conne\Downloads\Eigen Test Final Sub\Eigen Test Final\Eigen Test\RayTracerFramework\RayTracerSmall\main.cpp(404,14): warning C4244: 'initializing': conversion from 'double' to 'float', possible loss of data
C:\Users\conne\Downloads\Eigen Test Final Sub\Eigen Test Final\Eigen Test\RayTracerFramework\RayTracerSmall\main.cpp(408,13): warning C4244: 'initializing': conversion from 'double' to 'float', possible loss of data
C:\Users\conne\Downloads\Eigen Test Final Sub\Eigen Test Final\Eigen Test\RayTracerFramework\RayTracerSmall\main.cpp(409,13): warning C4244: 'initializing': conversion from 'double' to 'float', possible loss of data
C:\Users\conne\Downloads\Eigen Test Final Sub\Eigen Test Final\Eigen Test\RayTracerFramework\RayTracerSmall\main.cpp(441,20): warning C4996: 'fopen': This function or variable may be unsafe. Consider using fopen_s instead. To disable deprecation, use _CRT_SECURE_NO_WARNINGS. See online help for details.
C:\Users\conne\Downloads\Eigen Test Final Sub\Eigen Test Final\Eigen Test\RayTracerFramework\RayTracerSmall\main.cpp(543,87): warning C4305: 'argument': truncation from 'double' to 'T'
          with
          [
              T=float
          ]
C:\Users\conne\Downloads\Eigen Test Final Sub\Eigen Test Final\Eigen Test\RayTracerFramework\RayTracerSmall\main.cpp(544,78): warning C4305: 'argument': truncation from 'double' to 'T'
          with
          [
              T=float
          ]
C:\Users\conne\Downloads\Eigen Test Final Sub\Eigen Test Final\Eigen Test\RayTracerFramework\RayTracerSmall\main.cpp(545,79): warning C4305: 'argument': truncation from 'double' to 'T'
          with
          [
              T=float
          ]
C:\Users\conne\Downloads\Eigen Test Final Sub\Eigen Test Final\Eigen Test\RayTracerFramework\RayTracerSmall\main.cpp(546,78): warning C4305: 'argument': truncation from 'double' to 'T'
          with
          [
              T=float
          ]
C:\Users\conne\Downloads\Eigen Test Final Sub\Eigen Test Final\Eigen Test\RayTracerFramework\RayTracerSmall\main.cpp(561,83): warning C4305: 'argument': truncation from 'double' to 'T'
          with
          [
              T=float
          ]
C:\Users\conne\Downloads\Eigen Test Final Sub\Eigen Test Final\Eigen Test\RayTracerFramework\RayTracerSmall\main.cpp(562,74): warning C4305: 'argument': truncation from 'double' to 'T'
          with
          [
              T=float
          ]
C:\Users\conne\Downloads\Eigen Test Final Sub\Eigen Test Final\Eigen Test\RayTracerFramework\RayTracerSmall\main.cpp(563,75): warning C4305: 'argument': truncation from 'double' to 'T'
          with
          [
              T=float
          ]
C:\Users\conne\Downloads\Eigen Test Final Sub\Eigen Test Final\Eigen Test\RayTracerFramework\RayTracerSmall\main.cpp(564,74): warning C4305: 'argument': truncation from 'double' to 'T'
          with
          [
              T=float
          ]
C:\Users\conne\Downloads\Eigen Test Final Sub\Eigen Test Final\Eigen Test\RayTracerFramework\RayTracerSmall\main.cpp(576,82): warning C4305: 'argument': truncation from 'double' to 'T'
          with
          [
              T=float
          ]
C:\Users\conne\Downloads\Eigen Test Final Sub\Eigen Test Final\Eigen Test\RayTracerFramework\RayTracerSmall\main.cpp(577,73): warning C4305: 'argument': truncation from 'double' to 'T'
          with
          [
              T=float
          ]
C:\Users\conne\Downloads\Eigen Test Final Sub\Eigen Test Final\Eigen Test\RayTracerFramework\RayTracerSmall\main.cpp(578,74): warning C4305: 'argument': truncation from 'double' to 'T'
          with
          [
              T=float
          ]
C:\Users\conne\Downloads\Eigen Test Final Sub\Eigen Test Final\Eigen Test\RayTracerFramework\RayTracerSmall\main.cpp(579,73): warning C4305: 'argument': truncation from 'double' to 'T'
          with
          [
              T=float
          ]
C:\Users\conne\Downloads\Eigen Test Final Sub\Eigen Test Final\Eigen Test\RayTracerFramework\RayTracerSmall\main.cpp(602,89): warning C4305: 'argument': truncation from 'double' to 'T'
          with
          [
              T=float
          ]
C:\Users\conne\Downloads\Eigen Test Final Sub\Eigen Test Final\Eigen Test\RayTracerFramework\RayTracerSmall\main.cpp(603,80): warning C4305: 'argument': truncation from 'double' to 'T'
          with
          [
              T=float
          ]
C:\Users\conne\Downloads\Eigen Test Final Sub\Eigen Test Final\Eigen Test\RayTracerFramework\RayTracerSmall\main.cpp(604,81): warning C4305: 'argument': truncation from 'double' to 'T'
          with
          [
              T=float
          ]
C:\Users\conne\Downloads\Eigen Test Final Sub\Eigen Test Final\Eigen Test\RayTracerFramework\RayTracerSmall\main.cpp(605,80): warning C4305: 'argument': truncation from 'double' to 'T'
          with
          [
              T=float
          ]
C:\Users\conne\Downloads\Eigen Test Final Sub\Eigen Test Final\Eigen Test\RayTracerFramework\RayTracerSmall\main.cpp(609,89): warning C4305: 'argument': truncation from 'double' to 'T'
          with
          [
              T=float
          ]
C:\Users\conne\Downloads\Eigen Test Final Sub\Eigen Test Final\Eigen Test\RayTracerFramework\RayTracerSmall\main.cpp(610,80): warning C4305: 'argument': truncation from 'double' to 'T'
          with
          [
              T=float
          ]
C:\Users\conne\Downloads\Eigen Test Final Sub\Eigen Test Final\Eigen Test\RayTracerFramework\RayTracerSmall\main.cpp(611,81): warning C4305: 'argument': truncation from 'double' to 'T'
          with
          [
              T=float
          ]
C:\Users\conne\Downloads\Eigen Test Final Sub\Eigen Test Final\Eigen Test\RayTracerFramework\RayTracerSmall\main.cpp(612,80): warning C4305: 'argument': truncation from 'double' to 'T'
          with
          [
              T=float
          ]
C:\Users\conne\Downloads\Eigen Test Final Sub\Eigen Test Final\Eigen Test\RayTracerFramework\RayTracerSmall\main.cpp(616,89): warning C4305: 'argument': truncation from 'double' to 'T'
          with
          [
              T=float
          ]
C:\Users\conne\Downloads\Eigen Test Final Sub\Eigen Test Final\Eigen Test\RayTracerFramework\RayTracerSmall\main.cpp(617,80): warning C4305: 'argument': truncation from 'double' to 'T'
          with
          [
              T=float
          ]
C:\Users\conne\Downloads\Eigen Test Final Sub\Eigen Test Final\Eigen Test\RayTracerFramework\RayTracerSmall\main.cpp(618,81): warning C4305: 'argument': truncation from 'double' to 'T'
          with
          [
              T=float
          ]
C:\Users\conne\Downloads\Eigen Test Final Sub\Eigen Test Final\Eigen Test\RayTracerFramework\RayTracerSmall\main.cpp(619,80): warning C4305: 'argument': truncation from 'double' to 'T'
          with
          [
              T=float
          ]
C:\Users\conne\Downloads\Eigen Test Final Sub\Eigen Test Final\Eigen Test\RayTracerFramework\RayTracerSmall\main.cpp(623,89): warning C4305: 'argument': truncation from 'double' to 'T'
          with
          [
              T=float
          ]
C:\Users\conne\Downloads\Eigen Test Final Sub\Eigen Test Final\Eigen Test\RayTracerFramework\RayTracerSmall\main.cpp(624,80): warning C4305: 'argument': truncation from 'double' to 'T'
          with
          [
              T=float
          ]
C:\Users\conne\Downloads\Eigen Test Final Sub\Eigen Test Final\Eigen Test\RayTracerFramework\RayTracerSmall\main.cpp(625,81): warning C4305: 'argument': truncation from 'double' to 'T'
          with
          [
              T=float
          ]
C:\Users\conne\Downloads\Eigen Test Final Sub\Eigen Test Final\Eigen Test\RayTracerFramework\RayTracerSmall\main.cpp(626,80): warning C4305: 'argument': truncation from 'double' to 'T'
          with
          [
              T=float
          ]
C:\Users\conne\Downloads\Eigen Test Final Sub\Eigen Test Final\Eigen Test\RayTracerFramework\RayTracerSmall\main.cpp(646,85): warning C4305: 'argument': truncation from 'double' to 'T'
          with
          [
              T=float
          ]
C:\Users\conne\Downloads\Eigen Test Final Sub\Eigen Test Final\Eigen Test\RayTracerFramework\RayTracerSmall\main.cpp(647,76): warning C4305: 'argument': truncation from 'double' to 'T'
          with
          [
              T=float
          ]
C:\Users\conne\Downloads\Eigen Test Final Sub\Eigen Test Final\Eigen Test\RayTracerFramework\RayTracerSmall\main.cpp(648,77): warning C4305: 'argument': truncation from 'double' to 'T'
          with
          [
              T=float
          ]
C:\Users\conne\Downloads\Eigen Test Final Sub\Eigen Test Final\Eigen Test\RayTracerFramework\RayTracerSmall\main.cpp(649,76): warning C4305: 'argument': truncation from 'double' to 'T'
          with
          [
              T=float
          ]
C:\Users\conne\Downloads\Eigen Test Final Sub\Eigen Test Final\Eigen Test\RayTracerFramework\RayTracerSmall\main.cpp(653,85): warning C4305: 'argument': truncation from 'double' to 'T'
          with
          [
              T=float
          ]
C:\Users\conne\Downloads\Eigen Test Final Sub\Eigen Test Final\Eigen Test\RayTracerFramework\RayTracerSmall\main.cpp(654,76): warning C4305: 'argument': truncation from 'double' to 'T'
          with
          [
              T=float
          ]
C:\Users\conne\Downloads\Eigen Test Final Sub\Eigen Test Final\Eigen Test\RayTracerFramework\RayTracerSmall\main.cpp(655,77): warning C4305: 'argument': truncation from 'double' to 'T'
          with
          [
              T=float
          ]
C:\Users\conne\Downloads\Eigen Test Final Sub\Eigen Test Final\Eigen Test\RayTracerFramework\RayTracerSmall\main.cpp(656,76): warning C4305: 'argument': truncation from 'double' to 'T'
          with
          [
              T=float
          ]
C:\Users\conne\Downloads\Eigen Test Final Sub\Eigen Test Final\Eigen Test\RayTracerFramework\RayTracerSmall\main.cpp(660,85): warning C4305: 'argument': truncation from 'double' to 'T'
          with
          [
              T=float
          ]
C:\Users\conne\Downloads\Eigen Test Final Sub\Eigen Test Final\Eigen Test\RayTracerFramework\RayTracerSmall\main.cpp(661,76): warning C4305: 'argument': truncation from 'double' to 'T'
          with
          [
              T=float
          ]
C:\Users\conne\Downloads\Eigen Test Final Sub\Eigen Test Final\Eigen Test\RayTracerFramework\RayTracerSmall\main.cpp(662,77): warning C4305: 'argument': truncation from 'double' to 'T'
          with
          [
              T=float
          ]
C:\Users\conne\Downloads\Eigen Test Final Sub\Eigen Test Final\Eigen Test\RayTracerFramework\RayTracerSmall\main.cpp(663,76): warning C4305: 'argument': truncation from 'double' to 'T'
          with
          [
              T=float
          ]
C:\Users\conne\Downloads\Eigen Test Final Sub\Eigen Test Final\Eigen Test\RayTracerFramework\RayTracerSmall\main.cpp(667,85): warning C4305: 'argument': truncation from 'double' to 'T'
          with
          [
              T=float
          ]
C:\Users\conne\Downloads\Eigen Test Final Sub\Eigen Test Final\Eigen Test\RayTracerFramework\RayTracerSmall\main.cpp(668,76): warning C4305: 'argument': truncation from 'double' to 'T'
          with
          [
              T=float
          ]
C:\Users\conne\Downloads\Eigen Test Final Sub\Eigen Test Final\Eigen Test\RayTracerFramework\RayTracerSmall\main.cpp(669,77): warning C4305: 'argument': truncation from 'double' to 'T'
          with
          [
              T=float
          ]
C:\Users\conne\Downloads\Eigen Test Final Sub\Eigen Test Final\Eigen Test\RayTracerFramework\RayTracerSmall\main.cpp(670,76): warning C4305: 'argument': truncation from 'double' to 'T'
          with
          [
              T=float
          ]
C:\Users\conne\Downloads\Eigen Test Final Sub\Eigen Test Final\Eigen Test\RayTracerFramework\RayTracerSmall\main.cpp(687,84): warning C4305: 'argument': truncation from 'double' to 'T'
          with
          [
              T=float
          ]
C:\Users\conne\Downloads\Eigen Test Final Sub\Eigen Test Final\Eigen Test\RayTracerFramework\RayTracerSmall\main.cpp(688,75): warning C4305: 'argument': truncation from 'double' to 'T'
          with
          [
              T=float
          ]
C:\Users\conne\Downloads\Eigen Test Final Sub\Eigen Test Final\Eigen Test\RayTracerFramework\RayTracerSmall\main.cpp(689,76): warning C4305: 'argument': truncation from 'double' to 'T'
          with
          [
              T=float
          ]
C:\Users\conne\Downloads\Eigen Test Final Sub\Eigen Test Final\Eigen Test\RayTracerFramework\RayTracerSmall\main.cpp(690,75): warning C4305: 'argument': truncation from 'double' to 'T'
          with
          [
              T=float
          ]
C:\Users\conne\Downloads\Eigen Test Final Sub\Eigen Test Final\Eigen Test\RayTracerFramework\RayTracerSmall\main.cpp(695,84): warning C4305: 'argument': truncation from 'double' to 'T'
          with
          [
              T=float
          ]
C:\Users\conne\Downloads\Eigen Test Final Sub\Eigen Test Final\Eigen Test\RayTracerFramework\RayTracerSmall\main.cpp(696,75): warning C4305: 'argument': truncation from 'double' to 'T'
          with
          [
              T=float
          ]
C:\Users\conne\Downloads\Eigen Test Final Sub\Eigen Test Final\Eigen Test\RayTracerFramework\RayTracerSmall\main.cpp(697,76): warning C4305: 'argument': truncation from 'double' to 'T'
          with
          [
              T=float
          ]
C:\Users\conne\Downloads\Eigen Test Final Sub\Eigen Test Final\Eigen Test\RayTracerFramework\RayTracerSmall\main.cpp(698,75): warning C4305: 'argument': truncation from 'double' to 'T'
          with
          [
              T=float
          ]
C:\Users\conne\Downloads\Eigen Test Final Sub\Eigen Test Final\Eigen Test\RayTracerFramework\RayTracerSmall\main.cpp(702,84): warning C4305: 'argument': truncation from 'double' to 'T'
          with
          [
              T=float
          ]
C:\Users\conne\Downloads\Eigen Test Final Sub\Eigen Test Final\Eigen Test\RayTracerFramework\RayTracerSmall\main.cpp(703,75): warning C4305: 'argument': truncation from 'double' to 'T'
          with
          [
              T=float
          ]
C:\Users\conne\Downloads\Eigen Test Final Sub\Eigen Test Final\Eigen Test\RayTracerFramework\RayTracerSmall\main.cpp(704,76): warning C4305: 'argument': truncation from 'double' to 'T'
          with
          [
              T=float
          ]
C:\Users\conne\Downloads\Eigen Test Final Sub\Eigen Test Final\Eigen Test\RayTracerFramework\RayTracerSmall\main.cpp(705,75): warning C4305: 'argument': truncation from 'double' to 'T'
          with
          [
              T=float
          ]
C:\Users\conne\Downloads\Eigen Test Final Sub\Eigen Test Final\Eigen Test\RayTracerFramework\RayTracerSmall\main.cpp(709,84): warning C4305: 'argument': truncation from 'double' to 'T'
          with
          [
              T=float
          ]
C:\Users\conne\Downloads\Eigen Test Final Sub\Eigen Test Final\Eigen Test\RayTracerFramework\RayTracerSmall\main.cpp(710,75): warning C4305: 'argument': truncation from 'double' to 'T'
          with
          [
              T=float
          ]
C:\Users\conne\Downloads\Eigen Test Final Sub\Eigen Test Final\Eigen Test\RayTracerFramework\RayTracerSmall\main.cpp(711,76): warning C4305: 'argument': truncation from 'double' to 'T'
          with
          [
              T=float
          ]
C:\Users\conne\Downloads\Eigen Test Final Sub\Eigen Test Final\Eigen Test\RayTracerFramework\RayTracerSmall\main.cpp(712,75): warning C4305: 'argument': truncation from 'double' to 'T'
          with
          [
              T=float
          ]
C:\Users\conne\Downloads\Eigen Test Final Sub\Eigen Test Final\Eigen Test\RayTracerFramework\RayTracerSmall\main.cpp(817,83): warning C4305: 'argument': truncation from 'double' to 'T'
          with
          [
              T=float
          ]
C:\Users\conne\Downloads\Eigen Test Final Sub\Eigen Test Final\Eigen Test\RayTracerFramework\RayTracerSmall\main.cpp(818,80): warning C4305: 'argument': truncation from 'double' to 'T'
          with
          [
              T=float
          ]
C:\Users\conne\Downloads\Eigen Test Final Sub\Eigen Test Final\Eigen Test\RayTracerFramework\RayTracerSmall\main.cpp(819,75): warning C4305: 'argument': truncation from 'double' to 'T'
          with
          [
              T=float
          ]
C:\Users\conne\Downloads\Eigen Test Final Sub\Eigen Test Final\Eigen Test\RayTracerFramework\RayTracerSmall\main.cpp(820,74): warning C4305: 'argument': truncation from 'double' to 'T'
          with
          [
              T=float
          ]
C:\Users\conne\Downloads\Eigen Test Final Sub\Eigen Test Final\Eigen Test\RayTracerFramework\RayTracerSmall\main.cpp(821,65): warning C4244: 'argument': conversion from 'const float' to 'int', possible loss of data
C:\Users\conne\Downloads\Eigen Test Final Sub\Eigen Test Final\Eigen Test\RayTracerFramework\RayTracerSmall\main.cpp(837,88): warning C4305: 'argument': truncation from 'double' to 'T'
          with
          [
              T=float
          ]
C:\Users\conne\Downloads\Eigen Test Final Sub\Eigen Test Final\Eigen Test\RayTracerFramework\RayTracerSmall\main.cpp(838,85): warning C4305: 'argument': truncation from 'double' to 'T'
          with
          [
              T=float
          ]
C:\Users\conne\Downloads\Eigen Test Final Sub\Eigen Test Final\Eigen Test\RayTracerFramework\RayTracerSmall\main.cpp(839,80): warning C4305: 'argument': truncation from 'double' to 'T'
          with
          [
              T=float
          ]
C:\Users\conne\Downloads\Eigen Test Final Sub\Eigen Test Final\Eigen Test\RayTracerFramework\RayTracerSmall\main.cpp(840,79): warning C4305: 'argument': truncation from 'double' to 'T'
          with
          [
              T=float
          ]
C:\Users\conne\Downloads\Eigen Test Final Sub\Eigen Test Final\Eigen Test\RayTracerFramework\RayTracerSmall\main.cpp(841,25): warning C4244: 'argument': conversion from 'float' to 'int', possible loss of data
C:\Users\conne\Downloads\Eigen Test Final Sub\Eigen Test Final\Eigen Test\RayTracerFramework\RayTracerSmall\main.cpp(858,84): warning C4305: 'argument': truncation from 'double' to 'T'
          with
          [
              T=float
          ]
C:\Users\conne\Downloads\Eigen Test Final Sub\Eigen Test Final\Eigen Test\RayTracerFramework\RayTracerSmall\main.cpp(859,81): warning C4305: 'argument': truncation from 'double' to 'T'
          with
          [
              T=float
          ]
C:\Users\conne\Downloads\Eigen Test Final Sub\Eigen Test Final\Eigen Test\RayTracerFramework\RayTracerSmall\main.cpp(860,76): warning C4305: 'argument': truncation from 'double' to 'T'
          with
          [
              T=float
          ]
C:\Users\conne\Downloads\Eigen Test Final Sub\Eigen Test Final\Eigen Test\RayTracerFramework\RayTracerSmall\main.cpp(861,75): warning C4305: 'argument': truncation from 'double' to 'T'
          with
          [
              T=float
          ]
C:\Users\conne\Downloads\Eigen Test Final Sub\Eigen Test Final\Eigen Test\RayTracerFramework\RayTracerSmall\main.cpp(862,21): warning C4244: 'argument': conversion from 'float' to 'int', possible loss of data
C:\Users\conne\Downloads\Eigen Test Final Sub\Eigen Test Final\Eigen Test\RayTracerFramework\RayTracerSmall\main.cpp(926,27): warning C4267: 'initializing': conversion from 'size_t' to 'int', possible loss of data
C:\Users\conne\Downloads\Eigen Test Final Sub\Eigen Test Final\Eigen Test\RayTracerFramework\RayTracerSmall\main.cpp(964,20): warning C4244: 'argument': conversion from 'float' to 'int', possible loss of data
  Generating code
  1 of 2312 functions (<0.1%) were compiled, the rest were copied from previous compilation.
    0 functions were new in current compilation
    17 functions had inline decision re-evaluated but remain unchanged
  Finished generating code
  RayTracerSmall.vcxproj -> C:\Users\conne\Downloads\Eigen Test Final Sub\Eigen Test Final\Eigen Test\RayTracerFramework\x64\Release\RayTracerSmall.exe
